Checking the directory: /mnt/ext-hdd/media
The directory '/mnt/ext-hdd/media/1992 (2024)' is less than 30 days old.
The directory '/mnt/ext-hdd/media/Accident Man Hitman's Holiday (2022)' is less than 30 days old.
The directory '/mnt/ext-hdd/media/Afraid (2024)' is less than 30 days old.
The directory '/mnt/ext-hdd/media/As Good as It Gets (1997)' is less than 30 days old.
The directory '/mnt/ext-hdd/media/Bird Box Barcelona (2023)' is less than 30 days old.
The directory '/mnt/ext-hdd/media/BlackBerry (2023)' is less than 30 days old.
The directory '/mnt/ext-hdd/media/Borderlands (2024)' is less than 30 days old.
The directory '/mnt/ext-hdd/media/Boy Kills World (2024)' is less than 30 days old.
The directory '/mnt/ext-hdd/media/Chief of Station (2024)' is less than 30 days old.
The directory '/mnt/ext-hdd/media/Crawl (2019)' is less than 30 days old.
The directory '/mnt/ext-hdd/media/Cuckoo (2024)' is less than 30 days old.
The directory '/mnt/ext-hdd/media/Curse of the Sin Eater (2024)' is less than 30 days old.
The directory '/mnt/ext-hdd/media/Deadpool & Wolverine (2024)' is less than 30 days old.
The directory '/mnt/ext-hdd/media/Despicable Me 4 (2024)' is less than 30 days old.
The directory '/mnt/ext-hdd/media/Ex-Husbands (2024)' is less than 30 days old.
The directory '/mnt/ext-hdd/media/Fear the Night (2023)' is less than 30 days old.
The directory '/mnt/ext-hdd/media/Free Falling (2024)' is less than 30 days old.
The directory '/mnt/ext-hdd/media/Friday the 13th (1980)' is less than 30 days old.
The directory '/mnt/ext-hdd/media/Godless The Eastfield Exorcism (2023)' is less than 30 days old.
The directory '/mnt/ext-hdd/media/Good Morning, Vietnam (1987)' is less than 30 days old.
The directory '/mnt/ext-hdd/media/Hada (2023)' is less than 30 days old.
The directory '/mnt/ext-hdd/media/Here After (2024)' is less than 30 days old.
The directory '/mnt/ext-hdd/media/Hold Your Breath (2024)' is less than 30 days old.
The directory '/mnt/ext-hdd/media/House of Spoils (2024)' is less than 30 days old.
The directory '/mnt/ext-hdd/media/It Ends with Us (2024)' is less than 30 days old.
The directory '/mnt/ext-hdd/media/It's What's Inside (2024)' is less than 30 days old.
The directory '/mnt/ext-hdd/media/Kiss of the Dragon (2001)' is less than 30 days old.
The directory '/mnt/ext-hdd/media/Last Summer (2023)' is less than 30 days old.
The directory '/mnt/ext-hdd/media/Last the Night (2022)' is less than 30 days old.
The directory '/mnt/ext-hdd/media/Little Bites (2024)' is less than 30 days old.
The directory '/mnt/ext-hdd/media/Mothers' Instinct (2024)' is less than 30 days old.
The directory '/mnt/ext-hdd/media/Once Upon a Time in the West (1968)' is less than 30 days old.
The directory '/mnt/ext-hdd/media/Salem's Lot (2024)' is less than 30 days old.
The directory '/mnt/ext-hdd/media/She Taught Love (2024)' is less than 30 days old.
The directory '/mnt/ext-hdd/media/Shooter (2007)' is less than 30 days old.
The directory '/mnt/ext-hdd/media/Slingshot (2024)' is less than 30 days old.
The directory '/mnt/ext-hdd/media/Subservience (2024)' is less than 30 days old.
The directory '/mnt/ext-hdd/media/The Abandon (2024)' is less than 30 days old.
The directory '/mnt/ext-hdd/media/The Bad Guys Haunted Heist (2024)' is less than 30 days old.
The directory '/mnt/ext-hdd/media/The Clean Up Crew (2024)' is less than 30 days old.
The directory '/mnt/ext-hdd/media/The Exorcism (2024)' is less than 30 days old.
The directory '/mnt/ext-hdd/media/The Good Mother (2023)' is less than 30 days old.
The directory '/mnt/ext-hdd/media/The Little Mermaid (2023)' is less than 30 days old.
The directory '/mnt/ext-hdd/media/The Lorax (2012)' is less than 30 days old.
The directory '/mnt/ext-hdd/media/The Night I Swam (2018)' is less than 30 days old.
The directory '/mnt/ext-hdd/media/The Platform (2019)' is less than 30 days old.
The directory '/mnt/ext-hdd/media/The Platform 2 (2024)' is less than 30 days old.
The directory '/mnt/ext-hdd/media/The St. Valentine's Day Massacre (1967)' is less than 30 days old.
The directory '/mnt/ext-hdd/media/The Wasp (2024)' is less than 30 days old.
The directory '/mnt/ext-hdd/media/Transmorphers - Mech Beasts (2023)' is less than 30 days old.
The directory '/mnt/ext-hdd/media/Tuesday (2024)' is less than 30 days old.
The directory '/mnt/ext-hdd/media/Tu madre o la mía Guerra de suegras (2024)' is less than 30 days old.
The directory '/mnt/ext-hdd/media/Tusk (2014)' is less than 30 days old.
The directory '/mnt/ext-hdd/media/Willow (1988)' is less than 30 days old.
Checking the directory: /mnt/ext-hdd/torrent/radarr
The directory '/mnt/ext-hdd/torrent/radarr/Accident Man Hitman’s Holiday.WEBDL.1080p.Latino EAC3 5.1 Dual.h264.TTR' is less than 30 days old.
The directory '/mnt/ext-hdd/torrent/radarr/Afraid - Parano-IA.2024.WEBDL.1080p.Castellano AC3 5.1.h264.TTR' is less than 30 days old.
The directory '/mnt/ext-hdd/torrent/radarr/A.Quiet.Place.Day.One.2024.2160p.BluRay.DV.HDR.ENG.LATINO.CASTELLANO.FRENCH.GERMAN.ITALIAN.POLISH.THAI.JAP.DDP.5.1.H265.MP4-BEN.THE.MEN' is less than 30 days old.
The directory '/mnt/ext-hdd/torrent/radarr/Bad Boys. Hasta La Muerte(2024)WEB-DL.1080p.Latino.Castellano AC3 5.1.h264.TTR' is less than 30 days old.
The directory '/mnt/ext-hdd/torrent/radarr/Bad.Boys.Ride.or.Die.2024.SPANiSH.LATiNO.2160p.WEB-DL.DDP5.1.HDR10.H.265-dem3nt3' is less than 30 days old.
The directory '/mnt/ext-hdd/torrent/radarr/Boy Kills World (2023) BRRIP.1080p.Castellano AC 5.1.TTR' is less than 30 days old.
The directory '/mnt/ext-hdd/torrent/radarr/Chief of Station 2024. WEBDL.1080p.Castellano AC 35.1.h264.TTR' is less than 30 days old.
The directory '/mnt/ext-hdd/torrent/radarr/Culpa Mia (2023) [2160p] [4K] [WEB] [5.1] [YTS.MX]' is less than 30 days old.
The directory '/mnt/ext-hdd/torrent/radarr/Deadpool.2016.COMPLETE.2160p.BluRay.REMUX.DV.HDR10.PLUS.ENG.LATINO.CASTELLANO.HINDI.FRE.GER.ITA.RUS.CZE.HUN.POL.THAI.TUR.UKR.TrueHD.Atmos.7.1.DTS-HD.Master.7.1.H265-BEN.THE.MEN' is less than 30 days old.
The directory '/mnt/ext-hdd/torrent/radarr/Deadpool y Lobezno(2024)WEBDL.1080p.Latino AC3 5.1 Dual.h264.TTR' is less than 30 days old.
The directory '/mnt/ext-hdd/torrent/radarr/El.Beso.Del.Dragon.2001.1080p.BRRip.1080p.Latino AC3 5.1Dual.h264.TTR' is less than 30 days old.
The directory '/mnt/ext-hdd/torrent/radarr/El hoyo.2019.WEBDL.1080p.Castellano EAC3 5.1.h264.TTR' is less than 30 days old.
The directory '/mnt/ext-hdd/torrent/radarr/El Hoyo 2. (2024) WEB-DL.1080p.Castellano EAC3 5.1 Dolby Atmos Dual.h264.TTR' is less than 30 days old.
The directory '/mnt/ext-hdd/torrent/radarr/Extraction.2.2023.SPANiSH.1080p.NF.WEB-DL.DDP5.1.H264-dem3nt3' is less than 30 days old.
The directory '/mnt/ext-hdd/torrent/radarr/Fear the Night.2023.WEBDL.1080p.Latino AC3 2.0Dual.h264.TTR' is less than 30 days old.
The directory '/mnt/ext-hdd/torrent/radarr/Forrest.Gump.1994.2160p.BluRay.REMUX.DV.P7.HDR.ENG.LATINO.CASTELLANO.HINDI.ITA.FRE.CZE.POL.CHI.THAI.TUR.HUN.RUS.TrueHD.Atmos.7.1.H265-BEN.THE.MEN' is less than 30 days old.
The directory '/mnt/ext-hdd/torrent/radarr/Friday the 13th (1980) 1080p AMZN Web-DL EAC3 2.0 h264.TTR' is less than 30 days old.
The directory '/mnt/ext-hdd/torrent/radarr/Furiosa.A.Mad.Max.Saga.2024.2160p.BluRay.COMPLETE.REMUX.DV.P7.HDR.ENG.LATINO.CASTELLANO.HINDI.ITA.FRE.GER.POR.TrueHD.Atmos.7.1.H265-BEN.THE.MEN' is less than 30 days old.
The directory '/mnt/ext-hdd/torrent/radarr/Godless- The Eastfield Exorcism.2023 1080p.BRRIP.Castellano EAC3 5.1.TTR' is less than 30 days old.
The directory '/mnt/ext-hdd/torrent/radarr/House of Spoils - La casa de los susurros(2024)WEBDL.1080p. Lat Cast AC3 5.1.h264.TTR' is less than 30 days old.
The directory '/mnt/ext-hdd/torrent/radarr/Inception.2010.2160p.BluRay.DV.HDR.ENG.LATINO.CASTELLANO.HINDI.ITA.GER.FRE.CHI.RUS.UKR.THAI.H265.MP4-BEN.THE.MEN' is less than 30 days old.
The directory '/mnt/ext-hdd/torrent/radarr/Infierno en la tormenta (2019)1080p.BRRIp.Latino AC3 5.1.h264.TTR' is less than 30 days old.
The directory '/mnt/ext-hdd/torrent/radarr/It's What's Inside .2024 .1080p .WEB-DL.Castellano EAC3 5.1 Dual.h264.TTR' is less than 30 days old.
The directory '/mnt/ext-hdd/torrent/radarr/John.Wick.2014.SPANiSH.1080p.BluRay.x264-DMnT' is less than 30 days old.
The directory '/mnt/ext-hdd/torrent/radarr/Last the Night 2022. WEBDL.1080p.Castellano EAC3 5.1.h264.TTR' is less than 30 days old.
The directory '/mnt/ext-hdd/torrent/radarr/Los Iniciados (2023) [1080p] [WEBRip] [5.1] [YTS.MX]' is less than 30 days old.
The directory '/mnt/ext-hdd/torrent/radarr/Mad.Max.Fury.Road.2015.BluRay.REMUX.DV.HDR.ENG.LATINO.CASTELLANO.ITA.RUS.UKR.FRE.GER.PORTUGUESE.CZE.HINDI.HUN.POL.THAI.TUR.JAP.TrueHD.Atmos.7.1.H265.MKV-BEN.THE.MEN' is less than 30 days old.
The directory '/mnt/ext-hdd/torrent/radarr/Mothers’ Instinct.2024.WEBDL.1080p.Latino AC3 5.1 Dual.h264.TTR' is less than 30 days old.
The directory '/mnt/ext-hdd/torrent/radarr/My.Fault.2023.DUBBED.1080p.AMZN.WEBRip.1400MB.DD5.1.x264-GalaxyRG[TGx]' is less than 30 days old.
The directory '/mnt/ext-hdd/torrent/radarr/Pleasure (2021) [BluRay Rip][AC3 5.1 Castellano][www.atomixHQ.ART]' is less than 30 days old.
The directory '/mnt/ext-hdd/torrent/radarr/Salem's Lot 2024 1080p WEB-DL.Castellano AC3 5.1.h264.TTR' is less than 30 days old.
The directory '/mnt/ext-hdd/torrent/radarr/Shooter El tirador (2007)WEBRIp.1080p.Latino AC3 5.1 Dual.h264.TTR' is less than 30 days old.
The directory '/mnt/ext-hdd/torrent/radarr/Spider-Man.Homecoming.2017.SPANiSH.1080p.BluRay.x264-dem3nt3' is less than 30 days old.
The directory '/mnt/ext-hdd/torrent/radarr/Terrifier.2.2022.UNCUT.SPANiSH.1080p.BluRay.x264-dem3nt3' is less than 30 days old.
The directory '/mnt/ext-hdd/torrent/radarr/The Abandon 2022.WEBDL.1080p.Castellano AAC 5.1.h264.TTR' is less than 30 days old.
The directory '/mnt/ext-hdd/torrent/radarr/The Bad Guys Haunted Heist. 2024. 1080p.WEB-DL.Castellano EAC3 5.1.h264.TTR' is less than 30 days old.
The directory '/mnt/ext-hdd/torrent/radarr/The Clean Up Crew 2024 1080p WEB-DL.Castellano AC3 5.1 Dual.h264.TTR' is less than 30 days old.
The directory '/mnt/ext-hdd/torrent/radarr/The Exorcism.2024.BRRIP.1080p.LatinoAC3 5.1Dual.h264.TTR' is less than 30 days old.
The directory '/mnt/ext-hdd/torrent/radarr/The Little Mermaid. 2023. WEBDL.1080p.Castellano EAC3 2.0.h264.TTR' is less than 30 days old.
The directory '/mnt/ext-hdd/torrent/radarr/The Lorax 2012 1080p WEB-DL AMZN.Castellano AC3 2.0.TTR' is less than 30 days old.
The directory '/mnt/ext-hdd/torrent/radarr/The.Matrix.1999.2160p.MAX.WEB-DL.DV.HDR.ENG.LATINO.CASTELLANO.ITA.FRE.HINDI.PORTUGUESE.DDP5.1.Atmos.H265.MP4-BEN.THE.MEN' is less than 30 days old.
The directory '/mnt/ext-hdd/torrent/radarr/The.Night.I.Swam.2017.BDRip.x264.Japones.TTR' is less than 30 days old.
The directory '/mnt/ext-hdd/torrent/radarr/The.St.Valentines.Day.Massacre.1967.BDRip..1080p.Latino AC3 2.0 Dual.h264.TTR' is less than 30 days old.
The directory '/mnt/ext-hdd/torrent/radarr/Transmorphers; Mech Beasts.2023. BRRIP.1080p,Castellano AC3 2.0.h264.TTR' is less than 30 days old.
The directory '/mnt/ext-hdd/torrent/radarr/Tuesday 2023 1080p WEB-DL .Castellano AC3 5.1.h264.TTR' is less than 30 days old.
The directory '/mnt/ext-hdd/torrent/radarr/Tusk .2014. 1080p.BRRIP.Castellano AC3 5.1.TTR' is less than 30 days old.
